0 info it worked if it ends with ok
1 verbose cli [ 'node', '/usr/local/bin/npm', 'install', 'fs' ]
2 info using npm@1.2.32
3 info using node@v0.10.12
4 verbose read json /Users/haoliu/Documents/HR/PreLinked/backend/package.json
5 warn package.json application-name@0.0.1 No repository field.
6 warn package.json application-name@0.0.1 No readme data.
7 verbose read json /Users/haoliu/Documents/HR/PreLinked/backend/node_modules/express/package.json
8 verbose read json /Users/haoliu/Documents/HR/PreLinked/backend/node_modules/jade/package.json
9 verbose read json /Users/haoliu/Documents/HR/PreLinked/backend/node_modules/server/package.json
10 verbose from cache /Users/haoliu/Documents/HR/PreLinked/backend/package.json
11 verbose readDependencies using package.json deps
12 verbose cache add [ 'fs', null ]
13 verbose cache add name=undefined spec="fs" args=["fs",null]
14 verbose parsed url { protocol: null,
14 verbose parsed url   slashes: null,
14 verbose parsed url   auth: null,
14 verbose parsed url   host: null,
14 verbose parsed url   port: null,
14 verbose parsed url   hostname: null,
14 verbose parsed url   hash: null,
14 verbose parsed url   search: null,
14 verbose parsed url   query: null,
14 verbose parsed url   pathname: 'fs',
14 verbose parsed url   path: 'fs',
14 verbose parsed url   href: 'fs' }
15 silly lockFile 3f4bb586-fs fs
16 verbose lock fs /Users/haoliu/.npm/3f4bb586-fs.lock
17 silly lockFile 3f4bb586-fs fs
18 silly lockFile 3f4bb586-fs fs
19 verbose addNamed [ 'fs', '' ]
20 verbose addNamed [ null, '' ]
21 silly lockFile a107b96b-fs fs@
22 verbose lock fs@ /Users/haoliu/.npm/a107b96b-fs.lock
23 silly addNameRange { name: 'fs', range: '', hasData: false }
24 verbose url raw fs
25 verbose url resolving [ 'https://registry.npmjs.org/', './fs' ]
26 verbose url resolved https://registry.npmjs.org/fs
27 info trying registry request attempt 1 at 10:22:23
28 http GET https://registry.npmjs.org/fs
29 http 404 https://registry.npmjs.org/fs
30 silly registry.get cb [ 404,
30 silly registry.get   { server: 'CouchDB/1.3.0 (Erlang OTP/R15B03)',
30 silly registry.get     date: 'Fri, 16 Aug 2013 17:22:24 GMT',
30 silly registry.get     'content-type': 'application/json',
30 silly registry.get     'content-length': '52',
30 silly registry.get     'cache-control': 'must-revalidate' } ]
31 silly lockFile a107b96b-fs fs@
32 silly lockFile a107b96b-fs fs@
33 error 404 'fs' is not in the npm registry.
33 error 404 You should bug the author to publish it
33 error 404
33 error 404 Note that you can also install from a
33 error 404 tarball, folder, or http url, or git url.
34 error System Darwin 11.4.2
35 error command "node" "/usr/local/bin/npm" "install" "fs"
36 error cwd /Users/haoliu/Documents/HR/PreLinked/backend
37 error node -v v0.10.12
38 error npm -v 1.2.32
39 error code E404
40 verbose exit [ 1, true ]
